Unable to capture context for thread 3744 in process 1948, can not generate back trace
Exception at PC 0x00007FFA408EBB93
Printing stacktrace...

[0]  [0x00007FFA408EBB93]
[1]  [0x00007FFA408EBB93]
[2]  [0x00007FFA408EB4A1]
[3]  [0x00007FFA408EB3EF]
[4]  [0x00007FFA408D19FE]
[5]  [0x00007FFA408D0ED1]
[6]  [0x00007FFA408D0D76]
[7]  [0x00007FFA408779F6]
[8]  [0x00007FFA40867AFB]
[9]  [0x00007FFA4098E90A]
[10]  [0x00007FFA409A9F87]
[11]  [0x00007FFA409AA05F]
[12] (BaseThreadInitThunk+0x14) [0x00007FFAA3838364]
[13] (RtlUserThreadStart+0x21) [0x00007FFAA56D7091]
Done
Exception at PC 0x00007FFA405F1A52
Attemped to write at address 0x00007FFA738EABA4
Printing stacktrace...

[0]  [0x00007FFA405F1A52]
[1]  [0x00007FFA405F1A52]
[2]  [0x00007FFA405F1AD4]
[3]  [0x00007FFA40733FF7]
[4]  [0x00007FFA40619128]
[5]  [0x00007FFA408CDFB9]
[6]  [0x00007FFA40A9EF23]
[7]  [0x00007FFA409AB06B]
[8]  [0x00007FFA409A08AF]
[9]  [0x00007FFA409A0A32]
[10] (RtlDeactivateActivationContextUnsafeFast+0x1bf) [0x00007FFAA569A37F]
[11] (LdrShutdownProcess+0x14b) [0x00007FFAA567806B]
[12] (RtlExitUserProcess+0xb4) [0x00007FFAA5677D94]
[13] (ExitProcess+0xa) [0x00007FFAA384CE6A]
[14] (exit+0x85) [0x00007FFAA366A4A5]
[15] (initterm_e+0x231) [0x00007FFAA366AB01]
[16]  [0x00000000004014CD]
[17]  [0x000000000040151B]
[18] (BaseThreadInitThunk+0x14) [0x00007FFAA3838364]
[19] (RtlUserThreadStart+0x21) [0x00007FFAA56D7091]
Done
