#-----------------------------------------------------------
# Vivado v2017.2 (64-bit)
# SW Build 1909853 on Thu Jun 15 18:39:09 MDT 2017
# IP Build 1909766 on Thu Jun 15 19:58:00 MDT 2017
# Start of session at: Sat Apr 21 12:47:46 2018
# Process ID: 8700
# Current directory: C:/Users/matsg17/Desktop/project_friday/fpga_accelerometer
# Command line: vivado.exe -gui_launcher_event rodinguilauncherevent2208 C:\Users\matsg17\Desktop\project_friday\fpga_accelerometer\fpga_accelerometer.xpr
# Log file: C:/Users/matsg17/Desktop/project_friday/fpga_accelerometer/vivado.log
# Journal file: C:/Users/matsg17/Desktop/project_friday/fpga_accelerometer\vivado.jou
#-----------------------------------------------------------
start_gui
open_project C:/Users/matsg17/Desktop/project_friday/fpga_accelerometer/fpga_accelerometer.xpr
INFO: [Project 1-313] Project file moved from 'C:/Users/matsg17/Desktop/fpga_accelerometer' since last save.
CRITICAL WARNING: [Project 1-311] Could not find the file 'C:/Users/matsg17/Desktop/project_friday/Nexys4DDR_Master.xdc', nor could it be found using path 'C:/Users/matsg17/Desktop/Nexys4DDR_Master.xdc'.
Scanning sources...
Finished scanning sources
INFO: [IP_Flow 19-234] Refreshing IP repositories
INFO: [IP_Flow 19-1704] No user IP repositories specified
INFO: [IP_Flow 19-2313] Loaded Vivado IP repository 'C:/Xilinx/Vivado/2017.2/data/ip'.
open_project: Time (s): cpu = 00:00:11 ; elapsed = 00:00:18 . Memory (MB): peak = 755.125 ; gain = 56.617
update_files -from_files C:/Users/matsg17/Desktop/Nexys4DDR_Master.xdc -to_files C:/Users/matsg17/Desktop/project_friday/Nexys4DDR_Master.xdc -filesets [get_filesets *]
INFO: [filemgmt 20-762] Replacing file 'C:/Users/matsg17/Desktop/project_friday/Nexys4DDR_Master.xdc' with file 'C:/Users/matsg17/Desktop/Nexys4DDR_Master.xdc'.
close [ open C:/Users/matsg17/Desktop/project_friday/fpga_accelerometer/fpga_accelerometer.srcs/sources_1/new/bcd_to_7segment.vhd w ]
add_files C:/Users/matsg17/Desktop/project_friday/fpga_accelerometer/fpga_accelerometer.srcs/sources_1/new/bcd_to_7segment.vhd
close [ open C:/Users/matsg17/Desktop/project_friday/fpga_accelerometer/fpga_accelerometer.srcs/sources_1/new/signed_to_bcd.vhd w ]
add_files C:/Users/matsg17/Desktop/project_friday/fpga_accelerometer/fpga_accelerometer.srcs/sources_1/new/signed_to_bcd.vhd
close [ open C:/Users/matsg17/Desktop/project_friday/fpga_accelerometer/fpga_accelerometer.srcs/sources_1/new/bcd_to_sevenseg.vhd w ]
add_files C:/Users/matsg17/Desktop/project_friday/fpga_accelerometer/fpga_accelerometer.srcs/sources_1/new/bcd_to_sevenseg.vhd
remove_files  C:/Users/matsg17/Desktop/project_friday/fpga_accelerometer/fpga_accelerometer.srcs/sources_1/new/bcd_to_7segment.vhd
file delete -force C:/Users/matsg17/Desktop/project_friday/fpga_accelerometer/fpga_accelerometer.srcs/sources_1/new/bcd_to_7segment.vhd
close [ open C:/Users/matsg17/Desktop/project_friday/fpga_accelerometer/fpga_accelerometer.srcs/sources_1/new/converter_sevenseg.vhd w ]
add_files C:/Users/matsg17/Desktop/project_friday/fpga_accelerometer/fpga_accelerometer.srcs/sources_1/new/converter_sevenseg.vhd
close [ open C:/Users/matsg17/Desktop/project_friday/fpga_accelerometer/fpga_accelerometer.srcs/sources_1/new/driver_sevenseg.vhd w ]
add_files C:/Users/matsg17/Desktop/project_friday/fpga_accelerometer/fpga_accelerometer.srcs/sources_1/new/driver_sevenseg.vhd
close [ open C:/Users/matsg17/Desktop/project_friday/fpga_accelerometer/fpga_accelerometer.srcs/sources_1/new/data_update.vhd w ]
add_files C:/Users/matsg17/Desktop/project_friday/fpga_accelerometer/fpga_accelerometer.srcs/sources_1/new/data_update.vhd
reset_run synth_1
launch_runs impl_1 -to_step write_bitstream -jobs 4
[Sat Apr 21 19:56:14 2018] Launched synth_1...
Run output will be captured here: C:/Users/matsg17/Desktop/project_friday/fpga_accelerometer/fpga_accelerometer.runs/synth_1/runme.log
[Sat Apr 21 19:56:14 2018] Launched impl_1...
Run output will be captured here: C:/Users/matsg17/Desktop/project_friday/fpga_accelerometer/fpga_accelerometer.runs/impl_1/runme.log
reset_run synth_1
launch_runs impl_1 -to_step write_bitstream -jobs 4
[Sat Apr 21 19:57:51 2018] Launched synth_1...
Run output will be captured here: C:/Users/matsg17/Desktop/project_friday/fpga_accelerometer/fpga_accelerometer.runs/synth_1/runme.log
[Sat Apr 21 19:57:51 2018] Launched impl_1...
Run output will be captured here: C:/Users/matsg17/Desktop/project_friday/fpga_accelerometer/fpga_accelerometer.runs/impl_1/runme.log
reset_run synth_1
launch_runs impl_1 -to_step write_bitstream -jobs 4
[Sat Apr 21 20:04:03 2018] Launched synth_1...
Run output will be captured here: C:/Users/matsg17/Desktop/project_friday/fpga_accelerometer/fpga_accelerometer.runs/synth_1/runme.log
[Sat Apr 21 20:04:03 2018] Launched impl_1...
Run output will be captured here: C:/Users/matsg17/Desktop/project_friday/fpga_accelerometer/fpga_accelerometer.runs/impl_1/runme.log
open_run impl_1
INFO: [Netlist 29-17] Analyzing 26 Unisim elements for replacement
INFO: [Netlist 29-28] Unisim Transformation completed in 0 CPU seconds
INFO: [Project 1-479] Netlist was created with Vivado 2017.2
INFO: [Device 21-403] Loading part xc7a100tcsg324-1
INFO: [Project 1-570] Preparing netlist for logic optimization
Parsing XDC File [C:/Users/matsg17/Desktop/project_friday/fpga_accelerometer/.Xil/Vivado-8700-UIAS207775S/dcp1/data_transition.xdc]
Finished Parsing XDC File [C:/Users/matsg17/Desktop/project_friday/fpga_accelerometer/.Xil/Vivado-8700-UIAS207775S/dcp1/data_transition.xdc]
Reading XDEF placement.
Reading placer database...
Reading XDEF routing.
Read XDEF File: Time (s): cpu = 00:00:00 ; elapsed = 00:00:00.070 . Memory (MB): peak = 1110.762 ; gain = 0.000
Restored from archive | CPU: 0.000000 secs | Memory: 0.000000 MB |
Finished XDEF File Restore: Time (s): cpu = 00:00:00 ; elapsed = 00:00:00.070 . Memory (MB): peak = 1110.762 ; gain = 0.000
INFO: [Project 1-111] Unisim Transformation Summary:
No Unisim elements were transformed.

open_run: Time (s): cpu = 00:00:16 ; elapsed = 00:00:11 . Memory (MB): peak = 1234.645 ; gain = 314.859
open_hw
connect_hw_server
INFO: [Labtools 27-2285] Connecting to hw_server url TCP:localhost:3121
INFO: [Labtools 27-2222] Launching hw_server...
INFO: [Labtools 27-2221] Launch Output:

****** Xilinx hw_server v2017.2
  **** Build date : Jun 15 2017-18:53:26
    ** Copyright 1986-2017 Xilinx, Inc. All Rights Reserved.


open_hw_target
INFO: [Labtoolstcl 44-466] Opening hw_target localhost:3121/xilinx_tcf/Digilent/210292742578A
set_property PROGRAM.FILE {C:/Users/matsg17/Desktop/project_friday/fpga_accelerometer/fpga_accelerometer.runs/impl_1/data_transition.bit} [get_hw_devices xc7a100t_0]
current_hw_device [get_hw_devices xc7a100t_0]
refresh_hw_device -update_hw_probes false [lindex [get_hw_devices xc7a100t_0] 0]
INFO: [Labtools 27-1434] Device xc7a100t (JTAG device index = 0) is programmed with a design that has no supported debug core(s) in it.
WARNING: [Labtools 27-3361] The debug hub core was not detected.
Resolution: 
1. Make sure the clock connected to the debug hub (dbg_hub) core is a free running clock and is active.
2. Make sure the BSCAN_SWITCH_USER_MASK device property in Vivado Hardware Manager reflects the user scan chain setting in the design and refresh the device.  To determine the user scan chain setting in the design, open the implemented design and use 'get_property C_USER_SCAN_CHAIN [get_debug_cores dbg_hub]'.
For more details on setting the scan chain property, consult the Vivado Debug and Programming User Guide (UG908).
set_property PROBES.FILE {} [get_hw_devices xc7a100t_0]
set_property FULL_PROBES.FILE {} [get_hw_devices xc7a100t_0]
set_property PROGRAM.FILE {C:/Users/matsg17/Desktop/project_friday/fpga_accelerometer/fpga_accelerometer.runs/impl_1/data_transition.bit} [get_hw_devices xc7a100t_0]
program_hw_devices [get_hw_devices xc7a100t_0]
INFO: [Labtools 27-3164] End of startup status: HIGH
refresh_hw_device [lindex [get_hw_devices xc7a100t_0] 0]
INFO: [Labtools 27-1434] Device xc7a100t (JTAG device index = 0) is programmed with a design that has no supported debug core(s) in it.
WARNING: [Labtools 27-3361] The debug hub core was not detected.
Resolution: 
1. Make sure the clock connected to the debug hub (dbg_hub) core is a free running clock and is active.
2. Make sure the BSCAN_SWITCH_USER_MASK device property in Vivado Hardware Manager reflects the user scan chain setting in the design and refresh the device.  To determine the user scan chain setting in the design, open the implemented design and use 'get_property C_USER_SCAN_CHAIN [get_debug_cores dbg_hub]'.
For more details on setting the scan chain property, consult the Vivado Debug and Programming User Guide (UG908).
reset_run synth_1
launch_runs impl_1 -to_step write_bitstream -jobs 4
[Sat Apr 21 20:24:51 2018] Launched synth_1...
Run output will be captured here: C:/Users/matsg17/Desktop/project_friday/fpga_accelerometer/fpga_accelerometer.runs/synth_1/runme.log
[Sat Apr 21 20:24:51 2018] Launched impl_1...
Run output will be captured here: C:/Users/matsg17/Desktop/project_friday/fpga_accelerometer/fpga_accelerometer.runs/impl_1/runme.log
set_property PROBES.FILE {} [get_hw_devices xc7a100t_0]
set_property FULL_PROBES.FILE {} [get_hw_devices xc7a100t_0]
set_property PROGRAM.FILE {C:/Users/matsg17/Desktop/project_friday/fpga_accelerometer/fpga_accelerometer.runs/impl_1/data_transition.bit} [get_hw_devices xc7a100t_0]
program_hw_devices [get_hw_devices xc7a100t_0]
INFO: [Labtools 27-3164] End of startup status: HIGH
refresh_hw_device [lindex [get_hw_devices xc7a100t_0] 0]
INFO: [Labtools 27-1434] Device xc7a100t (JTAG device index = 0) is programmed with a design that has no supported debug core(s) in it.
WARNING: [Labtools 27-3361] The debug hub core was not detected.
Resolution: 
1. Make sure the clock connected to the debug hub (dbg_hub) core is a free running clock and is active.
2. Make sure the BSCAN_SWITCH_USER_MASK device property in Vivado Hardware Manager reflects the user scan chain setting in the design and refresh the device.  To determine the user scan chain setting in the design, open the implemented design and use 'get_property C_USER_SCAN_CHAIN [get_debug_cores dbg_hub]'.
For more details on setting the scan chain property, consult the Vivado Debug and Programming User Guide (UG908).
set_property PROBES.FILE {} [get_hw_devices xc7a100t_0]
set_property FULL_PROBES.FILE {} [get_hw_devices xc7a100t_0]
set_property PROGRAM.FILE {C:/Users/matsg17/Desktop/project_friday/fpga_accelerometer/fpga_accelerometer.runs/impl_1/data_transition.bit} [get_hw_devices xc7a100t_0]
program_hw_devices [get_hw_devices xc7a100t_0]
INFO: [Labtools 27-3164] End of startup status: HIGH
refresh_hw_device [lindex [get_hw_devices xc7a100t_0] 0]
INFO: [Labtools 27-1434] Device xc7a100t (JTAG device index = 0) is programmed with a design that has no supported debug core(s) in it.
WARNING: [Labtools 27-3361] The debug hub core was not detected.
Resolution: 
1. Make sure the clock connected to the debug hub (dbg_hub) core is a free running clock and is active.
2. Make sure the BSCAN_SWITCH_USER_MASK device property in Vivado Hardware Manager reflects the user scan chain setting in the design and refresh the device.  To determine the user scan chain setting in the design, open the implemented design and use 'get_property C_USER_SCAN_CHAIN [get_debug_cores dbg_hub]'.
For more details on setting the scan chain property, consult the Vivado Debug and Programming User Guide (UG908).
exit
INFO: [Common 17-206] Exiting Vivado at Sat Apr 21 21:02:13 2018...
