#-----------------------------------------------------------
# Vivado v2017.2 (64-bit)
# SW Build 1909853 on Thu Jun 15 18:39:09 MDT 2017
# IP Build 1909766 on Thu Jun 15 19:58:00 MDT 2017
# Start of session at: Fri Apr 27 02:11:52 2018
# Process ID: 90296
# Current directory: D:/fpga_accelerometer/fpga_accelerometer
# Command line: vivado.exe -gui_launcher_event rodinguilauncherevent87608 D:\fpga_accelerometer\fpga_accelerometer\fpga_accelerometer.xpr
# Log file: D:/fpga_accelerometer/fpga_accelerometer/vivado.log
# Journal file: D:/fpga_accelerometer/fpga_accelerometer\vivado.jou
#-----------------------------------------------------------
start_gui
open_project D:/fpga_accelerometer/fpga_accelerometer/fpga_accelerometer.xpr
INFO: [Project 1-313] Project file moved from 'C:/Users/matsg17/Desktop/project_friday/fpga_accelerometer' since last save.
CRITICAL WARNING: [Project 1-311] Could not find the file 'D:/Nexys4DDR_Master.xdc', nor could it be found using path 'C:/Users/matsg17/Desktop/Nexys4DDR_Master.xdc'.
Scanning sources...
Finished scanning sources
INFO: [IP_Flow 19-234] Refreshing IP repositories
INFO: [IP_Flow 19-1704] No user IP repositories specified
INFO: [IP_Flow 19-2313] Loaded Vivado IP repository 'D:/Vivado/2017.2/data/ip'.
open_project: Time (s): cpu = 00:00:07 ; elapsed = 00:00:06 . Memory (MB): peak = 732.148 ; gain = 55.172
add_files -fileset constrs_1 -norecurse E:/Skrivebord/Nexys4DDR_Master.xdc
import_files -fileset constrs_1 {D:/Nexys4DDR_Master.xdc E:/Skrivebord/Nexys4DDR_Master.xdc}
ERROR: [Vivado 12-172] File or Directory 'D:/Nexys4DDR_Master.xdc' does not exist
remove_files  -fileset constrs_1 E:/Skrivebord/Nexys4DDR_Master.xdc
update_files -from_files E:/Skrivebord/Nexys4DDR_Master.xdc -to_files D:/Nexys4DDR_Master.xdc -filesets [get_filesets *]
INFO: [filemgmt 20-762] Replacing file 'D:/Nexys4DDR_Master.xdc' with file 'E:/Skrivebord/Nexys4DDR_Master.xdc'.
reset_run synth_1
launch_runs impl_1 -to_step write_bitstream -jobs 4
[Fri Apr 27 02:13:16 2018] Launched synth_1...
Run output will be captured here: D:/fpga_accelerometer/fpga_accelerometer/fpga_accelerometer.runs/synth_1/runme.log
[Fri Apr 27 02:13:16 2018] Launched impl_1...
Run output will be captured here: D:/fpga_accelerometer/fpga_accelerometer/fpga_accelerometer.runs/impl_1/runme.log
open_hw
connect_hw_server
INFO: [Labtools 27-2285] Connecting to hw_server url TCP:localhost:3121
INFO: [Labtools 27-2222] Launching hw_server...
INFO: [Labtools 27-2221] Launch Output:

****** Xilinx hw_server v2017.2
  **** Build date : Jun 15 2017-18:53:26
    ** Copyright 1986-2017 Xilinx, Inc. All Rights Reserved.


open_hw_target
INFO: [Labtoolstcl 44-466] Opening hw_target localhost:3121/xilinx_tcf/Digilent/210292696534A
set_property PROGRAM.FILE {D:/fpga_accelerometer/fpga_accelerometer/fpga_accelerometer.runs/impl_1/data_transition.bit} [get_hw_devices xc7a100t_0]
current_hw_device [get_hw_devices xc7a100t_0]
refresh_hw_device -update_hw_probes false [lindex [get_hw_devices xc7a100t_0] 0]
INFO: [Labtools 27-1434] Device xc7a100t (JTAG device index = 0) is programmed with a design that has no supported debug core(s) in it.
WARNING: [Labtools 27-3361] The debug hub core was not detected.
Resolution: 
1. Make sure the clock connected to the debug hub (dbg_hub) core is a free running clock and is active.
2. Make sure the BSCAN_SWITCH_USER_MASK device property in Vivado Hardware Manager reflects the user scan chain setting in the design and refresh the device.  To determine the user scan chain setting in the design, open the implemented design and use 'get_property C_USER_SCAN_CHAIN [get_debug_cores dbg_hub]'.
For more details on setting the scan chain property, consult the Vivado Debug and Programming User Guide (UG908).
set_property PROBES.FILE {} [get_hw_devices xc7a100t_0]
set_property FULL_PROBES.FILE {} [get_hw_devices xc7a100t_0]
set_property PROGRAM.FILE {D:/fpga_accelerometer/fpga_accelerometer/fpga_accelerometer.runs/impl_1/data_transition.bit} [get_hw_devices xc7a100t_0]
program_hw_devices [get_hw_devices xc7a100t_0]
INFO: [Labtools 27-3164] End of startup status: HIGH
refresh_hw_device [lindex [get_hw_devices xc7a100t_0] 0]
INFO: [Labtools 27-1434] Device xc7a100t (JTAG device index = 0) is programmed with a design that has no supported debug core(s) in it.
WARNING: [Labtools 27-3361] The debug hub core was not detected.
Resolution: 
1. Make sure the clock connected to the debug hub (dbg_hub) core is a free running clock and is active.
2. Make sure the BSCAN_SWITCH_USER_MASK device property in Vivado Hardware Manager reflects the user scan chain setting in the design and refresh the device.  To determine the user scan chain setting in the design, open the implemented design and use 'get_property C_USER_SCAN_CHAIN [get_debug_cores dbg_hub]'.
For more details on setting the scan chain property, consult the Vivado Debug and Programming User Guide (UG908).
reset_run synth_1
WARNING: [Vivado 12-1017] Problems encountered:
1. Failed to delete one or more files in run directory D:/fpga_accelerometer/fpga_accelerometer/fpga_accelerometer.runs/synth_1

launch_runs impl_1 -to_step write_bitstream -jobs 4
[Fri Apr 27 02:17:48 2018] Launched synth_1...
Run output will be captured here: D:/fpga_accelerometer/fpga_accelerometer/fpga_accelerometer.runs/synth_1/runme.log
[Fri Apr 27 02:17:48 2018] Launched impl_1...
Run output will be captured here: D:/fpga_accelerometer/fpga_accelerometer/fpga_accelerometer.runs/impl_1/runme.log
set_property PROBES.FILE {} [get_hw_devices xc7a100t_0]
set_property FULL_PROBES.FILE {} [get_hw_devices xc7a100t_0]
set_property PROGRAM.FILE {D:/fpga_accelerometer/fpga_accelerometer/fpga_accelerometer.runs/impl_1/data_transition.bit} [get_hw_devices xc7a100t_0]
program_hw_devices [get_hw_devices xc7a100t_0]
INFO: [Labtools 27-3164] End of startup status: HIGH
refresh_hw_device [lindex [get_hw_devices xc7a100t_0] 0]
INFO: [Labtools 27-1434] Device xc7a100t (JTAG device index = 0) is programmed with a design that has no supported debug core(s) in it.
WARNING: [Labtools 27-3361] The debug hub core was not detected.
Resolution: 
1. Make sure the clock connected to the debug hub (dbg_hub) core is a free running clock and is active.
2. Make sure the BSCAN_SWITCH_USER_MASK device property in Vivado Hardware Manager reflects the user scan chain setting in the design and refresh the device.  To determine the user scan chain setting in the design, open the implemented design and use 'get_property C_USER_SCAN_CHAIN [get_debug_cores dbg_hub]'.
For more details on setting the scan chain property, consult the Vivado Debug and Programming User Guide (UG908).
reset_run synth_1
WARNING: [Vivado 12-1017] Problems encountered:
1. Failed to delete one or more files in run directory D:/fpga_accelerometer/fpga_accelerometer/fpga_accelerometer.runs/synth_1

launch_runs impl_1 -to_step write_bitstream -jobs 4
[Fri Apr 27 02:32:25 2018] Launched synth_1...
Run output will be captured here: D:/fpga_accelerometer/fpga_accelerometer/fpga_accelerometer.runs/synth_1/runme.log
[Fri Apr 27 02:32:25 2018] Launched impl_1...
Run output will be captured here: D:/fpga_accelerometer/fpga_accelerometer/fpga_accelerometer.runs/impl_1/runme.log
reset_run synth_1
WARNING: [Vivado 12-1017] Problems encountered:
1. Failed to delete one or more files in run directory D:/fpga_accelerometer/fpga_accelerometer/fpga_accelerometer.runs/synth_1

launch_runs impl_1 -to_step write_bitstream -jobs 4
[Fri Apr 27 02:33:04 2018] Launched synth_1...
Run output will be captured here: D:/fpga_accelerometer/fpga_accelerometer/fpga_accelerometer.runs/synth_1/runme.log
[Fri Apr 27 02:33:04 2018] Launched impl_1...
Run output will be captured here: D:/fpga_accelerometer/fpga_accelerometer/fpga_accelerometer.runs/impl_1/runme.log
set_property PROBES.FILE {} [get_hw_devices xc7a100t_0]
set_property FULL_PROBES.FILE {} [get_hw_devices xc7a100t_0]
set_property PROGRAM.FILE {D:/fpga_accelerometer/fpga_accelerometer/fpga_accelerometer.runs/impl_1/data_transition.bit} [get_hw_devices xc7a100t_0]
program_hw_devices [get_hw_devices xc7a100t_0]
INFO: [Labtools 27-3164] End of startup status: HIGH
refresh_hw_device [lindex [get_hw_devices xc7a100t_0] 0]
INFO: [Labtools 27-1434] Device xc7a100t (JTAG device index = 0) is programmed with a design that has no supported debug core(s) in it.
WARNING: [Labtools 27-3361] The debug hub core was not detected.
Resolution: 
1. Make sure the clock connected to the debug hub (dbg_hub) core is a free running clock and is active.
2. Make sure the BSCAN_SWITCH_USER_MASK device property in Vivado Hardware Manager reflects the user scan chain setting in the design and refresh the device.  To determine the user scan chain setting in the design, open the implemented design and use 'get_property C_USER_SCAN_CHAIN [get_debug_cores dbg_hub]'.
For more details on setting the scan chain property, consult the Vivado Debug and Programming User Guide (UG908).
import_files -fileset constrs_1 E:/Skrivebord/Nexys4DDR_Master.xdc
exit
INFO: [Common 17-206] Exiting Vivado at Fri Apr 27 02:37:42 2018...
