Copyright 1986-2017 Xilinx, Inc. All Rights Reserved.
-------------------------------------------------------------------------------------------------------------------------------------
| Tool Version : Vivado v.2017.2 (win64) Build 1909853 Thu Jun 15 18:39:09 MDT 2017
| Date         : Fri Apr 27 02:35:07 2018
| Host         : Stationary running 64-bit major release  (build 9200)
| Command      : report_methodology -file data_transition_methodology_drc_routed.rpt -rpx data_transition_methodology_drc_routed.rpx
| Design       : data_transition
| Device       : xc7a100tcsg324-1
| Speed File   : -1
| Design State : Routed
-------------------------------------------------------------------------------------------------------------------------------------

Report Methodology

Table of Contents
-----------------
1. REPORT SUMMARY
2. REPORT DETAILS

1. REPORT SUMMARY
-----------------
            Netlist: netlist
          Floorplan: design_1
      Design limits: <entire design considered>
             Max violations: <unlimited>
             Violations found: 140
+-----------+----------+-------------------------------+------------+
| Rule      | Severity | Description                   | Violations |
+-----------+----------+-------------------------------+------------+
| TIMING-17 | Warning  | Non-clocked sequential cell   | 74         |
| TIMING-18 | Warning  | Missing input or output delay | 9          |
| TIMING-20 | Warning  | Non-clocked latch             | 57         |
+-----------+----------+-------------------------------+------------+

2. REPORT DETAILS
-----------------
TIMING-17#1 Warning
Non-clocked sequential cell  
The clock pin select_logic_component/FSM_sequential_state_reg[0]/C is not reached by a timing clock
Related violations: <none>

TIMING-17#2 Warning
Non-clocked sequential cell  
The clock pin select_logic_component/FSM_sequential_state_reg[1]/C is not reached by a timing clock
Related violations: <none>

TIMING-17#3 Warning
Non-clocked sequential cell  
The clock pin select_logic_component/FSM_sequential_state_reg[2]/C is not reached by a timing clock
Related violations: <none>

TIMING-17#4 Warning
Non-clocked sequential cell  
The clock pin spi_component/counter_component/w_counter_reg[0]/C is not reached by a timing clock
Related violations: <none>

TIMING-17#5 Warning
Non-clocked sequential cell  
The clock pin spi_component/counter_component/w_counter_reg[1]/C is not reached by a timing clock
Related violations: <none>

TIMING-17#6 Warning
Non-clocked sequential cell  
The clock pin spi_component/counter_component/w_counter_reg[2]/C is not reached by a timing clock
Related violations: <none>

TIMING-17#7 Warning
Non-clocked sequential cell  
The clock pin spi_component/counter_component/w_counter_reg[3]/C is not reached by a timing clock
Related violations: <none>

TIMING-17#8 Warning
Non-clocked sequential cell  
The clock pin spi_component/counter_component/w_counter_reg[4]/C is not reached by a timing clock
Related violations: <none>

TIMING-17#9 Warning
Non-clocked sequential cell  
The clock pin spi_component/counter_component/w_counter_reg[5]/C is not reached by a timing clock
Related violations: <none>

TIMING-17#10 Warning
Non-clocked sequential cell  
The clock pin spi_component/counter_component/w_counter_reg[6]/C is not reached by a timing clock
Related violations: <none>

TIMING-17#11 Warning
Non-clocked sequential cell  
The clock pin spi_component/counter_component/w_counter_reg[7]/C is not reached by a timing clock
Related violations: <none>

TIMING-17#12 Warning
Non-clocked sequential cell  
The clock pin spi_component/shiftlne_component/io_shift_register_reg[0]/C is not reached by a timing clock
Related violations: <none>

TIMING-17#13 Warning
Non-clocked sequential cell  
The clock pin spi_component/shiftlne_component/io_shift_register_reg[10]/C is not reached by a timing clock
Related violations: <none>

TIMING-17#14 Warning
Non-clocked sequential cell  
The clock pin spi_component/shiftlne_component/io_shift_register_reg[11]/C is not reached by a timing clock
Related violations: <none>

TIMING-17#15 Warning
Non-clocked sequential cell  
The clock pin spi_component/shiftlne_component/io_shift_register_reg[12]/C is not reached by a timing clock
Related violations: <none>

TIMING-17#16 Warning
Non-clocked sequential cell  
The clock pin spi_component/shiftlne_component/io_shift_register_reg[13]/C is not reached by a timing clock
Related violations: <none>

TIMING-17#17 Warning
Non-clocked sequential cell  
The clock pin spi_component/shiftlne_component/io_shift_register_reg[14]/C is not reached by a timing clock
Related violations: <none>

TIMING-17#18 Warning
Non-clocked sequential cell  
The clock pin spi_component/shiftlne_component/io_shift_register_reg[15]/C is not reached by a timing clock
Related violations: <none>

TIMING-17#19 Warning
Non-clocked sequential cell  
The clock pin spi_component/shiftlne_component/io_shift_register_reg[16]/C is not reached by a timing clock
Related violations: <none>

TIMING-17#20 Warning
Non-clocked sequential cell  
The clock pin spi_component/shiftlne_component/io_shift_register_reg[17]/C is not reached by a timing clock
Related violations: <none>

TIMING-17#21 Warning
Non-clocked sequential cell  
The clock pin spi_component/shiftlne_component/io_shift_register_reg[18]/C is not reached by a timing clock
Related violations: <none>

TIMING-17#22 Warning
Non-clocked sequential cell  
The clock pin spi_component/shiftlne_component/io_shift_register_reg[19]/C is not reached by a timing clock
Related violations: <none>

TIMING-17#23 Warning
Non-clocked sequential cell  
The clock pin spi_component/shiftlne_component/io_shift_register_reg[1]/C is not reached by a timing clock
Related violations: <none>

TIMING-17#24 Warning
Non-clocked sequential cell  
The clock pin spi_component/shiftlne_component/io_shift_register_reg[22]_srl3_spi_component_shiftlne_component_io_shift_register_reg_c_1/CLK is not reached by a timing clock
Related violations: <none>

TIMING-17#25 Warning
Non-clocked sequential cell  
The clock pin spi_component/shiftlne_component/io_shift_register_reg[23]_spi_component_shiftlne_component_io_shift_register_reg_c_2/C is not reached by a timing clock
Related violations: <none>

TIMING-17#26 Warning
Non-clocked sequential cell  
The clock pin spi_component/shiftlne_component/io_shift_register_reg[24]/C is not reached by a timing clock
Related violations: <none>

TIMING-17#27 Warning
Non-clocked sequential cell  
The clock pin spi_component/shiftlne_component/io_shift_register_reg[25]/C is not reached by a timing clock
Related violations: <none>

TIMING-17#28 Warning
Non-clocked sequential cell  
The clock pin spi_component/shiftlne_component/io_shift_register_reg[26]/C is not reached by a timing clock
Related violations: <none>

TIMING-17#29 Warning
Non-clocked sequential cell  
The clock pin spi_component/shiftlne_component/io_shift_register_reg[27]/C is not reached by a timing clock
Related violations: <none>

TIMING-17#30 Warning
Non-clocked sequential cell  
The clock pin spi_component/shiftlne_component/io_shift_register_reg[28]/C is not reached by a timing clock
Related violations: <none>

TIMING-17#31 Warning
Non-clocked sequential cell  
The clock pin spi_component/shiftlne_component/io_shift_register_reg[29]/C is not reached by a timing clock
Related violations: <none>

TIMING-17#32 Warning
Non-clocked sequential cell  
The clock pin spi_component/shiftlne_component/io_shift_register_reg[2]/C is not reached by a timing clock
Related violations: <none>

TIMING-17#33 Warning
Non-clocked sequential cell  
The clock pin spi_component/shiftlne_component/io_shift_register_reg[30]/C is not reached by a timing clock
Related violations: <none>

TIMING-17#34 Warning
Non-clocked sequential cell  
The clock pin spi_component/shiftlne_component/io_shift_register_reg[31]/C is not reached by a timing clock
Related violations: <none>

TIMING-17#35 Warning
Non-clocked sequential cell  
The clock pin spi_component/shiftlne_component/io_shift_register_reg[32]/C is not reached by a timing clock
Related violations: <none>

TIMING-17#36 Warning
Non-clocked sequential cell  
The clock pin spi_component/shiftlne_component/io_shift_register_reg[33]/C is not reached by a timing clock
Related violations: <none>

TIMING-17#37 Warning
Non-clocked sequential cell  
The clock pin spi_component/shiftlne_component/io_shift_register_reg[34]/C is not reached by a timing clock
Related violations: <none>

TIMING-17#38 Warning
Non-clocked sequential cell  
The clock pin spi_component/shiftlne_component/io_shift_register_reg[35]/C is not reached by a timing clock
Related violations: <none>

TIMING-17#39 Warning
Non-clocked sequential cell  
The clock pin spi_component/shiftlne_component/io_shift_register_reg[38]_srl3_spi_component_shiftlne_component_io_shift_register_reg_c_1/CLK is not reached by a timing clock
Related violations: <none>

TIMING-17#40 Warning
Non-clocked sequential cell  
The clock pin spi_component/shiftlne_component/io_shift_register_reg[39]_spi_component_shiftlne_component_io_shift_register_reg_c_2/C is not reached by a timing clock
Related violations: <none>

TIMING-17#41 Warning
Non-clocked sequential cell  
The clock pin spi_component/shiftlne_component/io_shift_register_reg[3]/C is not reached by a timing clock
Related violations: <none>

TIMING-17#42 Warning
Non-clocked sequential cell  
The clock pin spi_component/shiftlne_component/io_shift_register_reg[40]/C is not reached by a timing clock
Related violations: <none>

TIMING-17#43 Warning
Non-clocked sequential cell  
The clock pin spi_component/shiftlne_component/io_shift_register_reg[41]/C is not reached by a timing clock
Related violations: <none>

TIMING-17#44 Warning
Non-clocked sequential cell  
The clock pin spi_component/shiftlne_component/io_shift_register_reg[42]/C is not reached by a timing clock
Related violations: <none>

TIMING-17#45 Warning
Non-clocked sequential cell  
The clock pin spi_component/shiftlne_component/io_shift_register_reg[43]/C is not reached by a timing clock
Related violations: <none>

TIMING-17#46 Warning
Non-clocked sequential cell  
The clock pin spi_component/shiftlne_component/io_shift_register_reg[44]/C is not reached by a timing clock
Related violations: <none>

TIMING-17#47 Warning
Non-clocked sequential cell  
The clock pin spi_component/shiftlne_component/io_shift_register_reg[45]/C is not reached by a timing clock
Related violations: <none>

TIMING-17#48 Warning
Non-clocked sequential cell  
The clock pin spi_component/shiftlne_component/io_shift_register_reg[46]/C is not reached by a timing clock
Related violations: <none>

TIMING-17#49 Warning
Non-clocked sequential cell  
The clock pin spi_component/shiftlne_component/io_shift_register_reg[47]/C is not reached by a timing clock
Related violations: <none>

TIMING-17#50 Warning
Non-clocked sequential cell  
The clock pin spi_component/shiftlne_component/io_shift_register_reg[48]/C is not reached by a timing clock
Related violations: <none>

TIMING-17#51 Warning
Non-clocked sequential cell  
The clock pin spi_component/shiftlne_component/io_shift_register_reg[49]/C is not reached by a timing clock
Related violations: <none>

TIMING-17#52 Warning
Non-clocked sequential cell  
The clock pin spi_component/shiftlne_component/io_shift_register_reg[50]/C is not reached by a timing clock
Related violations: <none>

TIMING-17#53 Warning
Non-clocked sequential cell  
The clock pin spi_component/shiftlne_component/io_shift_register_reg[51]/C is not reached by a timing clock
Related violations: <none>

TIMING-17#54 Warning
Non-clocked sequential cell  
The clock pin spi_component/shiftlne_component/io_shift_register_reg[53]_srl2_spi_component_shiftlne_component_io_shift_register_reg_c_0/CLK is not reached by a timing clock
Related violations: <none>

TIMING-17#55 Warning
Non-clocked sequential cell  
The clock pin spi_component/shiftlne_component/io_shift_register_reg[54]_spi_component_shiftlne_component_io_shift_register_reg_c_1/C is not reached by a timing clock
Related violations: <none>

TIMING-17#56 Warning
Non-clocked sequential cell  
The clock pin spi_component/shiftlne_component/io_shift_register_reg[55]/C is not reached by a timing clock
Related violations: <none>

TIMING-17#57 Warning
Non-clocked sequential cell  
The clock pin spi_component/shiftlne_component/io_shift_register_reg[56]/C is not reached by a timing clock
Related violations: <none>

TIMING-17#58 Warning
Non-clocked sequential cell  
The clock pin spi_component/shiftlne_component/io_shift_register_reg[57]/C is not reached by a timing clock
Related violations: <none>

TIMING-17#59 Warning
Non-clocked sequential cell  
The clock pin spi_component/shiftlne_component/io_shift_register_reg[58]/C is not reached by a timing clock
Related violations: <none>

TIMING-17#60 Warning
Non-clocked sequential cell  
The clock pin spi_component/shiftlne_component/io_shift_register_reg[59]/C is not reached by a timing clock
Related violations: <none>

TIMING-17#61 Warning
Non-clocked sequential cell  
The clock pin spi_component/shiftlne_component/io_shift_register_reg[60]/C is not reached by a timing clock
Related violations: <none>

TIMING-17#62 Warning
Non-clocked sequential cell  
The clock pin spi_component/shiftlne_component/io_shift_register_reg[61]/C is not reached by a timing clock
Related violations: <none>

TIMING-17#63 Warning
Non-clocked sequential cell  
The clock pin spi_component/shiftlne_component/io_shift_register_reg[62]/C is not reached by a timing clock
Related violations: <none>

TIMING-17#64 Warning
Non-clocked sequential cell  
The clock pin spi_component/shiftlne_component/io_shift_register_reg[63]/C is not reached by a timing clock
Related violations: <none>

TIMING-17#65 Warning
Non-clocked sequential cell  
The clock pin spi_component/shiftlne_component/io_shift_register_reg[63]_lopt_replica/C is not reached by a timing clock
Related violations: <none>

TIMING-17#66 Warning
Non-clocked sequential cell  
The clock pin spi_component/shiftlne_component/io_shift_register_reg[6]_srl3_spi_component_shiftlne_component_io_shift_register_reg_c_1/CLK is not reached by a timing clock
Related violations: <none>

TIMING-17#67 Warning
Non-clocked sequential cell  
The clock pin spi_component/shiftlne_component/io_shift_register_reg[7]_spi_component_shiftlne_component_io_shift_register_reg_c_2/C is not reached by a timing clock
Related violations: <none>

TIMING-17#68 Warning
Non-clocked sequential cell  
The clock pin spi_component/shiftlne_component/io_shift_register_reg[8]/C is not reached by a timing clock
Related violations: <none>

TIMING-17#69 Warning
Non-clocked sequential cell  
The clock pin spi_component/shiftlne_component/io_shift_register_reg[9]/C is not reached by a timing clock
Related violations: <none>

TIMING-17#70 Warning
Non-clocked sequential cell  
The clock pin spi_component/shiftlne_component/io_shift_register_reg_c/C is not reached by a timing clock
Related violations: <none>

TIMING-17#71 Warning
Non-clocked sequential cell  
The clock pin spi_component/shiftlne_component/io_shift_register_reg_c_0/C is not reached by a timing clock
Related violations: <none>

TIMING-17#72 Warning
Non-clocked sequential cell  
The clock pin spi_component/shiftlne_component/io_shift_register_reg_c_1/C is not reached by a timing clock
Related violations: <none>

TIMING-17#73 Warning
Non-clocked sequential cell  
The clock pin spi_component/shiftlne_component/io_shift_register_reg_c_2/C is not reached by a timing clock
Related violations: <none>

TIMING-17#74 Warning
Non-clocked sequential cell  
The clock pin spi_component/w_miso_data_reg/C is not reached by a timing clock
Related violations: <none>

TIMING-18#1 Warning
Missing input or output delay  
An input delay is missing on i_start relative to clock(s) sys_clk_pin 
Related violations: <none>

TIMING-18#2 Warning
Missing input or output delay  
An input delay is missing on o_slave_select relative to clock(s) sys_clk_pin 
Related violations: <none>

TIMING-18#3 Warning
Missing input or output delay  
An output delay is missing on o_sclk relative to clock(s) sys_clk_pin 
Related violations: <none>

TIMING-18#4 Warning
Missing input or output delay  
An output delay is missing on o_seg_0 relative to clock(s) sys_clk_pin 
Related violations: <none>

TIMING-18#5 Warning
Missing input or output delay  
An output delay is missing on o_seg_1 relative to clock(s) sys_clk_pin 
Related violations: <none>

TIMING-18#6 Warning
Missing input or output delay  
An output delay is missing on o_seg_2 relative to clock(s) sys_clk_pin 
Related violations: <none>

TIMING-18#7 Warning
Missing input or output delay  
An output delay is missing on o_seg_3 relative to clock(s) sys_clk_pin 
Related violations: <none>

TIMING-18#8 Warning
Missing input or output delay  
An output delay is missing on o_seg_4 relative to clock(s) sys_clk_pin 
Related violations: <none>

TIMING-18#9 Warning
Missing input or output delay  
An output delay is missing on o_seg_5 relative to clock(s) sys_clk_pin 
Related violations: <none>

TIMING-20#1 Warning
Non-clocked latch  
The latch driver_sevenseg_component/shape_form_reg[1] cannot be properly analyzed as its control pin driver_sevenseg_component/shape_form_reg[1]/G is not reached by a timing clock
Related violations: <none>

TIMING-20#2 Warning
Non-clocked latch  
The latch driver_sevenseg_component/shape_form_reg[2] cannot be properly analyzed as its control pin driver_sevenseg_component/shape_form_reg[2]/G is not reached by a timing clock
Related violations: <none>

TIMING-20#3 Warning
Non-clocked latch  
The latch driver_sevenseg_component/shape_form_reg[3] cannot be properly analyzed as its control pin driver_sevenseg_component/shape_form_reg[3]/G is not reached by a timing clock
Related violations: <none>

TIMING-20#4 Warning
Non-clocked latch  
The latch driver_sevenseg_component/shape_form_reg[4] cannot be properly analyzed as its control pin driver_sevenseg_component/shape_form_reg[4]/G is not reached by a timing clock
Related violations: <none>

TIMING-20#5 Warning
Non-clocked latch  
The latch driver_sevenseg_component/shape_form_reg[5] cannot be properly analyzed as its control pin driver_sevenseg_component/shape_form_reg[5]/G is not reached by a timing clock
Related violations: <none>

TIMING-20#6 Warning
Non-clocked latch  
The latch driver_sevenseg_component/shape_form_reg[6] cannot be properly analyzed as its control pin driver_sevenseg_component/shape_form_reg[6]/G is not reached by a timing clock
Related violations: <none>

TIMING-20#7 Warning
Non-clocked latch  
The latch driver_sevenseg_component/shape_form_reg[7] cannot be properly analyzed as its control pin driver_sevenseg_component/shape_form_reg[7]/G is not reached by a timing clock
Related violations: <none>

TIMING-20#8 Warning
Non-clocked latch  
The latch select_logic_component/o_out_reg[0] cannot be properly analyzed as its control pin select_logic_component/o_out_reg[0]/G is not reached by a timing clock
Related violations: <none>

TIMING-20#9 Warning
Non-clocked latch  
The latch select_logic_component/o_out_reg[1] cannot be properly analyzed as its control pin select_logic_component/o_out_reg[1]/G is not reached by a timing clock
Related violations: <none>

TIMING-20#10 Warning
Non-clocked latch  
The latch spi_component/o_data_reg[0] cannot be properly analyzed as its control pin spi_component/o_data_reg[0]/G is not reached by a timing clock
Related violations: <none>

TIMING-20#11 Warning
Non-clocked latch  
The latch spi_component/o_data_reg[10] cannot be properly analyzed as its control pin spi_component/o_data_reg[10]/G is not reached by a timing clock
Related violations: <none>

TIMING-20#12 Warning
Non-clocked latch  
The latch spi_component/o_data_reg[11] cannot be properly analyzed as its control pin spi_component/o_data_reg[11]/G is not reached by a timing clock
Related violations: <none>

TIMING-20#13 Warning
Non-clocked latch  
The latch spi_component/o_data_reg[16] cannot be properly analyzed as its control pin spi_component/o_data_reg[16]/G is not reached by a timing clock
Related violations: <none>

TIMING-20#14 Warning
Non-clocked latch  
The latch spi_component/o_data_reg[17] cannot be properly analyzed as its control pin spi_component/o_data_reg[17]/G is not reached by a timing clock
Related violations: <none>

TIMING-20#15 Warning
Non-clocked latch  
The latch spi_component/o_data_reg[18] cannot be properly analyzed as its control pin spi_component/o_data_reg[18]/G is not reached by a timing clock
Related violations: <none>

TIMING-20#16 Warning
Non-clocked latch  
The latch spi_component/o_data_reg[19] cannot be properly analyzed as its control pin spi_component/o_data_reg[19]/G is not reached by a timing clock
Related violations: <none>

TIMING-20#17 Warning
Non-clocked latch  
The latch spi_component/o_data_reg[1] cannot be properly analyzed as its control pin spi_component/o_data_reg[1]/G is not reached by a timing clock
Related violations: <none>

TIMING-20#18 Warning
Non-clocked latch  
The latch spi_component/o_data_reg[20] cannot be properly analyzed as its control pin spi_component/o_data_reg[20]/G is not reached by a timing clock
Related violations: <none>

TIMING-20#19 Warning
Non-clocked latch  
The latch spi_component/o_data_reg[21] cannot be properly analyzed as its control pin spi_component/o_data_reg[21]/G is not reached by a timing clock
Related violations: <none>

TIMING-20#20 Warning
Non-clocked latch  
The latch spi_component/o_data_reg[22] cannot be properly analyzed as its control pin spi_component/o_data_reg[22]/G is not reached by a timing clock
Related violations: <none>

TIMING-20#21 Warning
Non-clocked latch  
The latch spi_component/o_data_reg[23] cannot be properly analyzed as its control pin spi_component/o_data_reg[23]/G is not reached by a timing clock
Related violations: <none>

TIMING-20#22 Warning
Non-clocked latch  
The latch spi_component/o_data_reg[24] cannot be properly analyzed as its control pin spi_component/o_data_reg[24]/G is not reached by a timing clock
Related violations: <none>

TIMING-20#23 Warning
Non-clocked latch  
The latch spi_component/o_data_reg[25] cannot be properly analyzed as its control pin spi_component/o_data_reg[25]/G is not reached by a timing clock
Related violations: <none>

TIMING-20#24 Warning
Non-clocked latch  
The latch spi_component/o_data_reg[26] cannot be properly analyzed as its control pin spi_component/o_data_reg[26]/G is not reached by a timing clock
Related violations: <none>

TIMING-20#25 Warning
Non-clocked latch  
The latch spi_component/o_data_reg[27] cannot be properly analyzed as its control pin spi_component/o_data_reg[27]/G is not reached by a timing clock
Related violations: <none>

TIMING-20#26 Warning
Non-clocked latch  
The latch spi_component/o_data_reg[2] cannot be properly analyzed as its control pin spi_component/o_data_reg[2]/G is not reached by a timing clock
Related violations: <none>

TIMING-20#27 Warning
Non-clocked latch  
The latch spi_component/o_data_reg[32] cannot be properly analyzed as its control pin spi_component/o_data_reg[32]/G is not reached by a timing clock
Related violations: <none>

TIMING-20#28 Warning
Non-clocked latch  
The latch spi_component/o_data_reg[33] cannot be properly analyzed as its control pin spi_component/o_data_reg[33]/G is not reached by a timing clock
Related violations: <none>

TIMING-20#29 Warning
Non-clocked latch  
The latch spi_component/o_data_reg[34] cannot be properly analyzed as its control pin spi_component/o_data_reg[34]/G is not reached by a timing clock
Related violations: <none>

TIMING-20#30 Warning
Non-clocked latch  
The latch spi_component/o_data_reg[35] cannot be properly analyzed as its control pin spi_component/o_data_reg[35]/G is not reached by a timing clock
Related violations: <none>

TIMING-20#31 Warning
Non-clocked latch  
The latch spi_component/o_data_reg[36] cannot be properly analyzed as its control pin spi_component/o_data_reg[36]/G is not reached by a timing clock
Related violations: <none>

TIMING-20#32 Warning
Non-clocked latch  
The latch spi_component/o_data_reg[37] cannot be properly analyzed as its control pin spi_component/o_data_reg[37]/G is not reached by a timing clock
Related violations: <none>

TIMING-20#33 Warning
Non-clocked latch  
The latch spi_component/o_data_reg[38] cannot be properly analyzed as its control pin spi_component/o_data_reg[38]/G is not reached by a timing clock
Related violations: <none>

TIMING-20#34 Warning
Non-clocked latch  
The latch spi_component/o_data_reg[39] cannot be properly analyzed as its control pin spi_component/o_data_reg[39]/G is not reached by a timing clock
Related violations: <none>

TIMING-20#35 Warning
Non-clocked latch  
The latch spi_component/o_data_reg[3] cannot be properly analyzed as its control pin spi_component/o_data_reg[3]/G is not reached by a timing clock
Related violations: <none>

TIMING-20#36 Warning
Non-clocked latch  
The latch spi_component/o_data_reg[40] cannot be properly analyzed as its control pin spi_component/o_data_reg[40]/G is not reached by a timing clock
Related violations: <none>

TIMING-20#37 Warning
Non-clocked latch  
The latch spi_component/o_data_reg[41] cannot be properly analyzed as its control pin spi_component/o_data_reg[41]/G is not reached by a timing clock
Related violations: <none>

TIMING-20#38 Warning
Non-clocked latch  
The latch spi_component/o_data_reg[42] cannot be properly analyzed as its control pin spi_component/o_data_reg[42]/G is not reached by a timing clock
Related violations: <none>

TIMING-20#39 Warning
Non-clocked latch  
The latch spi_component/o_data_reg[43] cannot be properly analyzed as its control pin spi_component/o_data_reg[43]/G is not reached by a timing clock
Related violations: <none>

TIMING-20#40 Warning
Non-clocked latch  
The latch spi_component/o_data_reg[48] cannot be properly analyzed as its control pin spi_component/o_data_reg[48]/G is not reached by a timing clock
Related violations: <none>

TIMING-20#41 Warning
Non-clocked latch  
The latch spi_component/o_data_reg[49] cannot be properly analyzed as its control pin spi_component/o_data_reg[49]/G is not reached by a timing clock
Related violations: <none>

TIMING-20#42 Warning
Non-clocked latch  
The latch spi_component/o_data_reg[4] cannot be properly analyzed as its control pin spi_component/o_data_reg[4]/G is not reached by a timing clock
Related violations: <none>

TIMING-20#43 Warning
Non-clocked latch  
The latch spi_component/o_data_reg[50] cannot be properly analyzed as its control pin spi_component/o_data_reg[50]/G is not reached by a timing clock
Related violations: <none>

TIMING-20#44 Warning
Non-clocked latch  
The latch spi_component/o_data_reg[51] cannot be properly analyzed as its control pin spi_component/o_data_reg[51]/G is not reached by a timing clock
Related violations: <none>

TIMING-20#45 Warning
Non-clocked latch  
The latch spi_component/o_data_reg[52] cannot be properly analyzed as its control pin spi_component/o_data_reg[52]/G is not reached by a timing clock
Related violations: <none>

TIMING-20#46 Warning
Non-clocked latch  
The latch spi_component/o_data_reg[53] cannot be properly analyzed as its control pin spi_component/o_data_reg[53]/G is not reached by a timing clock
Related violations: <none>

TIMING-20#47 Warning
Non-clocked latch  
The latch spi_component/o_data_reg[54] cannot be properly analyzed as its control pin spi_component/o_data_reg[54]/G is not reached by a timing clock
Related violations: <none>

TIMING-20#48 Warning
Non-clocked latch  
The latch spi_component/o_data_reg[55] cannot be properly analyzed as its control pin spi_component/o_data_reg[55]/G is not reached by a timing clock
Related violations: <none>

TIMING-20#49 Warning
Non-clocked latch  
The latch spi_component/o_data_reg[56] cannot be properly analyzed as its control pin spi_component/o_data_reg[56]/G is not reached by a timing clock
Related violations: <none>

TIMING-20#50 Warning
Non-clocked latch  
The latch spi_component/o_data_reg[57] cannot be properly analyzed as its control pin spi_component/o_data_reg[57]/G is not reached by a timing clock
Related violations: <none>

TIMING-20#51 Warning
Non-clocked latch  
The latch spi_component/o_data_reg[58] cannot be properly analyzed as its control pin spi_component/o_data_reg[58]/G is not reached by a timing clock
Related violations: <none>

TIMING-20#52 Warning
Non-clocked latch  
The latch spi_component/o_data_reg[59] cannot be properly analyzed as its control pin spi_component/o_data_reg[59]/G is not reached by a timing clock
Related violations: <none>

TIMING-20#53 Warning
Non-clocked latch  
The latch spi_component/o_data_reg[5] cannot be properly analyzed as its control pin spi_component/o_data_reg[5]/G is not reached by a timing clock
Related violations: <none>

TIMING-20#54 Warning
Non-clocked latch  
The latch spi_component/o_data_reg[6] cannot be properly analyzed as its control pin spi_component/o_data_reg[6]/G is not reached by a timing clock
Related violations: <none>

TIMING-20#55 Warning
Non-clocked latch  
The latch spi_component/o_data_reg[7] cannot be properly analyzed as its control pin spi_component/o_data_reg[7]/G is not reached by a timing clock
Related violations: <none>

TIMING-20#56 Warning
Non-clocked latch  
The latch spi_component/o_data_reg[8] cannot be properly analyzed as its control pin spi_component/o_data_reg[8]/G is not reached by a timing clock
Related violations: <none>

TIMING-20#57 Warning
Non-clocked latch  
The latch spi_component/o_data_reg[9] cannot be properly analyzed as its control pin spi_component/o_data_reg[9]/G is not reached by a timing clock
Related violations: <none>


